#
# There is insufficient memory for the Java Runtime Environment to continue.
# Native memory allocation (mmap) failed to map 67108864 bytes for G1 virtual space
# Possible reasons:
#   The system is out of physical RAM or swap space
#   The process is running with CompressedOops enabled, and the Java Heap may be blocking the growth of the native heap
# Possible solutions:
#   Reduce memory load on the system
#   Increase physical memory or swap space
#   Check if swap backing store is full
#   Decrease Java heap size (-Xmx/-Xms)
#   Decrease number of Java threads
#   Decrease Java thread stack sizes (-Xss)
#   Set larger code cache with -XX:ReservedCodeCacheSize=
#   JVM is running with Unscaled Compressed Oops mode in which the Java heap is
#     placed in the first 4GB address space. The Java Heap base address is the
#     maximum limit for the native heap growth. Please use -XX:HeapBaseMinAddress
#     to set the Java Heap base and to place the Java Heap above 4GB virtual address.
# This output file may be truncated or incomplete.
#
#  Out of Memory Error (os_windows.cpp:3613), pid=12720, tid=14052
#
# JRE version:  (17.0.9+9) (build )
# Java VM: OpenJDK 64-Bit Server VM (17.0.9+9, mixed mode, sharing, tiered, compressed oops, compressed class ptrs, g1 gc, windows-amd64)
# No core dump will be written. Minidumps are not enabled by default on client versions of Windows
#

---------------  S U M M A R Y ------------

Command Line: -Xmx64m -Xms64m -Dorg.gradle.appname=gradlew C:\ChatNET-main\android\\gradle\wrapper\gradle-wrapper.jar app:installDebug -PreactNativeDevServerPort=8081

Host: 12th Gen Intel(R) Core(TM) i7-1255U, 12 cores, 15G,  Windows 11 , 64 bit Build 26100 (10.0.26100.7019)
Time: Sun Nov 23 22:18:04 2025 SE Asia Standard Time elapsed time: 1.179858 seconds (0d 0h 0m 1s)

---------------  T H R E A D  ---------------

Current thread (0x00000211d0bcc740):  JavaThread "Unknown thread" [_thread_in_vm, id=14052, stack(0x000000ac9ed00000,0x000000ac9ee00000)]

Stack: [0x000000ac9ed00000,0x000000ac9ee00000]
Native frames: (J=compiled Java code, j=interpreted, Vv=VM code, C=native code)
V  [jvm.dll+0x67cf49]
V  [jvm.dll+0x83478a]
V  [jvm.dll+0x83624e]
V  [jvm.dll+0x8368b3]
V  [jvm.dll+0x247f1f]
V  [jvm.dll+0x679d69]
V  [jvm.dll+0x66e6ba]
V  [jvm.dll+0x307e5b]
V  [jvm.dll+0x30f306]
V  [jvm.dll+0x35f0ce]
V  [jvm.dll+0x35f2ff]
V  [jvm.dll+0x2dea58]
V  [jvm.dll+0x2df9c4]
V  [jvm.dll+0x806031]
V  [jvm.dll+0x36cf31]
V  [jvm.dll+0x7e4aac]
V  [jvm.dll+0x3f07af]
V  [jvm.dll+0x3f23e1]
C  [jli.dll+0x528f]
C  [ucrtbase.dll+0x37b0]
C  [KERNEL32.DLL+0x2e8d7]
C  [ntdll.dll+0x8c53c]


---------------  P R O C E S S  ---------------

Threads class SMR info:
_java_thread_list=0x00007ffd7029ee98, length=0, elements={
}

Java Threads: ( => current thread )

Other Threads:
  0x00000211d0bed0e0 GCTaskThread "GC Thread#0" [stack: 0x000000ac9ee00000,0x000000ac9ef00000] [id=5844]
  0x00000211d0bee830 ConcurrentGCThread "G1 Main Marker" [stack: 0x000000ac9ef00000,0x000000ac9f000000] [id=4412]
  0x00000211d0bf0260 ConcurrentGCThread "G1 Conc#0" [stack: 0x000000ac9f000000,0x000000ac9f100000] [id=12120]

[error occurred during error reporting (printing all threads), id 0xc0000005, EXCEPTION_ACCESS_VIOLATION (0xc0000005) at pc=0x00007ffd6fa5f497]

VM state: not at safepoint (not fully initialized)

VM Mutex/Monitor currently owned by a thread:  ([mutex/lock_event])
[0x00000211d0bc91f0] Heap_lock - owner thread: 0x00000211d0bcc740

Heap address: 0x00000000fc000000, size: 64 MB, Compressed Oops mode: 32-bit

CDS archive(s) mapped at: [0x0000000000000000-0x0000000000000000-0x0000000000000000), size 0, SharedBaseAddress: 0x0000000800000000, ArchiveRelocationMode: 1.
Narrow klass base: 0x0000000000000000, Narrow klass shift: 0, Narrow klass range: 0x0

GC Precious Log:
<Empty>

Heap:
 garbage-first heap   total 0K, used 0K [0x00000000fc000000, 0x0000000100000000)
  region size 1024K, 0 young (0K), 0 survivors (0K)

[error occurred during error reporting (printing heap information), id 0xc0000005, EXCEPTION_ACCESS_VIOLATION (0xc0000005) at pc=0x00007ffd6fe46c79]

GC Heap History (0 events):
No events

Dll operation events (1 events):
Event: 0.006 Loaded shared library C:\Users\speci\AppData\Local\Programs\Eclipse Adoptium\jdk-17.0.9.9-hotspot\bin\java.dll

Deoptimization events (0 events):
No events

Classes unloaded (0 events):
No events

Classes redefined (0 events):
No events

Internal exceptions (0 events):
No events

VM Operations (0 events):
No events

Events (0 events):
No events


Dynamic libraries:
0x00007ff674910000 - 0x00007ff67491e000 	C:\Users\speci\AppData\Local\Programs\Eclipse Adoptium\jdk-17.0.9.9-hotspot\bin\java.exe
0x00007ffe19ce0000 - 0x00007ffe19f48000 	C:\WINDOWS\SYSTEM32\ntdll.dll
0x00007ffe18ba0000 - 0x00007ffe18c69000 	C:\WINDOWS\System32\KERNEL32.DLL
0x00007ffe17310000 - 0x00007ffe17708000 	C:\WINDOWS\System32\KERNELBASE.dll
0x00007ffe16e30000 - 0x00007ffe16f7b000 	C:\WINDOWS\System32\ucrtbase.dll
0x00007ffde11d0000 - 0x00007ffde11e7000 	C:\Users\speci\AppData\Local\Programs\Eclipse Adoptium\jdk-17.0.9.9-hotspot\bin\jli.dll
0x00007ffddc250000 - 0x00007ffddc26b000 	C:\Users\speci\AppData\Local\Programs\Eclipse Adoptium\jdk-17.0.9.9-hotspot\bin\VCRUNTIME140.dll
0x00007ffe189d0000 - 0x00007ffe18b97000 	C:\WINDOWS\System32\USER32.dll
0x00007ffe16f80000 - 0x00007ffe16fa7000 	C:\WINDOWS\System32\win32u.dll
0x00007ffe189a0000 - 0x00007ffe189cb000 	C:\WINDOWS\System32\GDI32.dll
0x00007ffdf3050000 - 0x00007ffdf32e4000 	C:\WINDOWS\WinSxS\amd64_microsoft.windows.common-controls_6595b64144ccf1df_6.0.26100.7019_none_3e06ffa0e335b8a8\COMCTL32.dll
0x00007ffe171e0000 - 0x00007ffe1730c000 	C:\WINDOWS\System32\gdi32full.dll
0x00007ffe17940000 - 0x00007ffe179e3000 	C:\WINDOWS\System32\msvcp_win.dll
0x00007ffe17bd0000 - 0x00007ffe17c79000 	C:\WINDOWS\System32\msvcrt.dll
0x00007ffe17c80000 - 0x00007ffe17cb1000 	C:\WINDOWS\System32\IMM32.DLL
0x00007ffddffa0000 - 0x00007ffddffac000 	C:\Users\speci\AppData\Local\Programs\Eclipse Adoptium\jdk-17.0.9.9-hotspot\bin\vcruntime140_1.dll
0x00007ffdbc370000 - 0x00007ffdbc3fd000 	C:\Users\speci\AppData\Local\Programs\Eclipse Adoptium\jdk-17.0.9.9-hotspot\bin\msvcp140.dll
0x00007ffd6f770000 - 0x00007ffd703d1000 	C:\Users\speci\AppData\Local\Programs\Eclipse Adoptium\jdk-17.0.9.9-hotspot\bin\server\jvm.dll
0x00007ffe17a80000 - 0x00007ffe17b34000 	C:\WINDOWS\System32\ADVAPI32.dll
0x00007ffe19760000 - 0x00007ffe19806000 	C:\WINDOWS\System32\sechost.dll
0x00007ffe17df0000 - 0x00007ffe17f08000 	C:\WINDOWS\System32\RPCRT4.dll
0x00007ffe16c80000 - 0x00007ffe16cde000 	C:\WINDOWS\SYSTEM32\POWRPROF.dll
0x00007ffe034a0000 - 0x00007ffe034ab000 	C:\WINDOWS\SYSTEM32\VERSION.dll
0x00007ffddfc70000 - 0x00007ffddfc7a000 	C:\WINDOWS\SYSTEM32\WSOCK32.dll
0x00007ffe0d940000 - 0x00007ffe0d975000 	C:\WINDOWS\SYSTEM32\WINMM.dll
0x00007ffe191a0000 - 0x00007ffe19214000 	C:\WINDOWS\System32\WS2_32.dll
0x00007ffe16c60000 - 0x00007ffe16c74000 	C:\WINDOWS\SYSTEM32\UMPDC.dll
0x00007ffe15bf0000 - 0x00007ffe15c0b000 	C:\WINDOWS\SYSTEM32\kernel.appcore.dll
0x00007ffddc240000 - 0x00007ffddc24a000 	C:\Users\speci\AppData\Local\Programs\Eclipse Adoptium\jdk-17.0.9.9-hotspot\bin\jimage.dll
0x00007ffe14460000 - 0x00007ffe146a2000 	C:\WINDOWS\SYSTEM32\DBGHELP.DLL
0x00007ffe18c70000 - 0x00007ffe18ffb000 	C:\WINDOWS\System32\combase.dll
0x00007ffe17d10000 - 0x00007ffe17de7000 	C:\WINDOWS\System32\OLEAUT32.dll
0x00007ffdef2a0000 - 0x00007ffdef2dc000 	C:\WINDOWS\SYSTEM32\dbgcore.DLL
0x00007ffe17130000 - 0x00007ffe171d5000 	C:\WINDOWS\System32\bcryptPrimitives.dll
0x00007ffddbbd0000 - 0x00007ffddbbf5000 	C:\Users\speci\AppData\Local\Programs\Eclipse Adoptium\jdk-17.0.9.9-hotspot\bin\java.dll

dbghelp: loaded successfully - version: 4.0.5 - missing functions: none
symbol engine: initialized successfully - sym options: 0x614 - pdb path: .;C:\Users\speci\AppData\Local\Programs\Eclipse Adoptium\jdk-17.0.9.9-hotspot\bin;C:\WINDOWS\SYSTEM32;C:\WINDOWS\WinSxS\amd64_microsoft.windows.common-controls_6595b64144ccf1df_6.0.26100.7019_none_3e06ffa0e335b8a8;C:\Users\speci\AppData\Local\Programs\Eclipse Adoptium\jdk-17.0.9.9-hotspot\bin\server

VM Arguments:
jvm_args: -Xmx64m -Xms64m -Dorg.gradle.appname=gradlew 
java_command: C:\ChatNET-main\android\\gradle\wrapper\gradle-wrapper.jar app:installDebug -PreactNativeDevServerPort=8081
java_class_path (initial): C:\ChatNET-main\android\\gradle\wrapper\gradle-wrapper.jar
Launcher Type: SUN_STANDARD

[Global flags]
     intx CICompilerCount                          = 4                                         {product} {ergonomic}
     uint ConcGCThreads                            = 3                                         {product} {ergonomic}
     uint G1ConcRefinementThreads                  = 10                                        {product} {ergonomic}
   size_t G1HeapRegionSize                         = 1048576                                   {product} {ergonomic}
    uintx GCDrainStackTargetSize                   = 64                                        {product} {ergonomic}
   size_t InitialHeapSize                          = 67108864                                  {product} {command line}
   size_t MarkStackSize                            = 4194304                                   {product} {ergonomic}
   size_t MaxHeapSize                              = 67108864                                  {product} {command line}
   size_t MinHeapDeltaBytes                        = 1048576                                   {product} {ergonomic}
   size_t MinHeapSize                              = 67108864                                  {product} {command line}
    uintx NonNMethodCodeHeapSize                   = 5839372                                {pd product} {ergonomic}
    uintx NonProfiledCodeHeapSize                  = 122909434                              {pd product} {ergonomic}
    uintx ProfiledCodeHeapSize                     = 122909434                              {pd product} {ergonomic}
    uintx ReservedCodeCacheSize                    = 251658240                              {pd product} {ergonomic}
     bool SegmentedCodeCache                       = true                                      {product} {ergonomic}
   size_t SoftMaxHeapSize                          = 67108864                               {manageable} {ergonomic}
     bool UseCompressedClassPointers               = true                           {product lp64_product} {ergonomic}
     bool UseCompressedOops                        = true                           {product lp64_product} {ergonomic}
     bool UseG1GC                                  = true                                      {product} {ergonomic}
     bool UseLargePagesIndividualAllocation        = false                                  {pd product} {ergonomic}

Logging:
Log output configuration:
 #0: stdout all=warning uptime,level,tags
 #1: stderr all=off uptime,level,tags

Environment Variables:
JAVA_HOME=C:\Users\speci\AppData\Local\Programs\Eclipse Adoptium\jdk-17.0.9.9-hotspot\
PATH=C:\ChatNET-main\node_modules\.bin;C:\node_modules\.bin;C:\Program Files\nodejs\node_modules\npm\node_modules\@npmcli\run-script\lib\node-gyp-bin;C:\Users\speci\AppData\Local\Pandoc;C:\Program Files\nodejs\;C:\Program Files\MySQL\MySQL Shell 8.0\bin\;C:\Users\speci\AppData\Local\Programs\Python\Python312\Scripts\;C:\Users\speci\AppData\Local\Programs\Python\Python312\;C:\Users\speci\AppData\Local\Programs\Python\Launcher\;C:\Users\speci\AppData\Local\Programs\Eclipse Adoptium\jdk-17.0.9.9-hotspot\bin;C:\Users\speci\AppData\Local\Microsoft\WindowsApps;C:\Users\speci\AppData\Local\GitHubDesktop\bin;C:\msys64\ucrt64\bin;C:\Users\speci\AppData\Local\Programs\Microsoft VS Code\bin;C:\Program Files\NASM;C:\Users\speci\AppData\Local\Programs\MiKTeX\miktex\bin\x64\;C:\Users\speci\AppData\Local\Pandoc\;C:\Users\speci\AppData\Roaming\npm
USERNAME=Radagon
OS=Windows_NT
PROCESSOR_IDENTIFIER=Intel64 Family 6 Model 154 Stepping 4, GenuineIntel
TMP=C:\Users\speci\AppData\Local\Temp
TEMP=C:\Users\speci\AppData\Local\Temp



Periodic native trim disabled


---------------  S Y S T E M  ---------------

OS:
 Windows 11 , 64 bit Build 26100 (10.0.26100.7019)
OS uptime: 0 days 2:02 hours
Hyper-V role detected

CPU: total 12 (initial active 12) (6 cores per cpu, 2 threads per core) family 6 model 154 stepping 4 microcode 0x42c, cx8, cmov, fxsr, ht, mmx, 3dnowpref, sse, sse2, sse3, ssse3, sse4.1, sse4.2, popcnt, lzcnt, tsc, tscinvbit, avx, avx2, aes, erms, clmul, bmi1, bmi2, adx, sha, fma, vzeroupper, clflush, clflushopt, clwb, hv
Processor Information for processor 0
  Max Mhz: 1700, Current Mhz: 1457, Mhz Limit: 1700
Processor Information for processor 1
  Max Mhz: 1700, Current Mhz: 1700, Mhz Limit: 1700
Processor Information for processor 2
  Max Mhz: 1700, Current Mhz: 1700, Mhz Limit: 1700
Processor Information for processor 3
  Max Mhz: 1700, Current Mhz: 1700, Mhz Limit: 1700
Processor Information for processor 4
  Max Mhz: 1700, Current Mhz: 1200, Mhz Limit: 1190
Processor Information for processor 5
  Max Mhz: 1700, Current Mhz: 1200, Mhz Limit: 1190
Processor Information for processor 6
  Max Mhz: 1700, Current Mhz: 1200, Mhz Limit: 1190
Processor Information for processor 7
  Max Mhz: 1700, Current Mhz: 1200, Mhz Limit: 1190
Processor Information for processor 8
  Max Mhz: 1700, Current Mhz: 1200, Mhz Limit: 1190
Processor Information for processor 9
  Max Mhz: 1700, Current Mhz: 1200, Mhz Limit: 1190
Processor Information for processor 10
  Max Mhz: 1700, Current Mhz: 1200, Mhz Limit: 1190
Processor Information for processor 11
  Max Mhz: 1700, Current Mhz: 1200, Mhz Limit: 1190

Memory: 4k page, system-wide physical 16052M (3827M free)
TotalPageFile size 16052M (AvailPageFile size 66M)
current process WorkingSet (physical memory assigned to process): 12M, peak: 12M
current process commit charge ("private bytes"): 63M, peak: 127M

vm_info: OpenJDK 64-Bit Server VM (17.0.9+9) for windows-amd64 JRE (17.0.9+9), built on Oct 26 2023 14:01:42 by "admin" with MS VC++ 16.10 / 16.11 (VS2019)

END.
